encrypt/build/intermediates/manifest_merge_blame_file/release/manifest-merger-blame-release-report.txt
1<?xml version="1.0" encoding="utf-8"?>
2<manifest xmlns:android="http://schemas.android.com/apk/res/android"
3    package="se.joscarsson.privify"
4    android:versionCode="7"
5    android:versionName="1.1" >
6
7    <uses-sdk
8        android:minSdkVersion="23"
8-->src\main\AndroidManifest.xml
9        android:targetSdkVersion="29" />
9-->src\main\AndroidManifest.xml
10
11    <uses-permission android:name="android.permission.READ_EXTERNAL_STORAGE" />
11-->src\main\AndroidManifest.xml:3:5-80
11-->src\main\AndroidManifest.xml:3:22-77
12    <uses-permission android:name="android.permission.WRITE_EXTERNAL_STORAGE" />
12-->src\main\AndroidManifest.xml:4:5-81
12-->src\main\AndroidManifest.xml:4:22-78
13
14    <application
14-->src\main\AndroidManifest.xml:5:5-52:19
15        android:name="se.joscarsson.privify.PrivifyApplication"
15-->src\main\AndroidManifest.xml:9:9-64
16        android:allowBackup="true"
16-->src\main\AndroidManifest.xml:6:9-35
17        android:icon="@mipmap/ic_launcher"
17-->src\main\AndroidManifest.xml:7:9-43
18        android:label="@string/app_name"
18-->src\main\AndroidManifest.xml:8:9-41
19        android:roundIcon="@mipmap/ic_launcher_round"
19-->src\main\AndroidManifest.xml:10:9-54
20        android:supportsRtl="true"
20-->src\main\AndroidManifest.xml:11:9-35
21        android:theme="@style/AppTheme" >
21-->src\main\AndroidManifest.xml:12:9-40
22        <activity
22-->src\main\AndroidManifest.xml:13:9-27:20
23            android:name="se.joscarsson.privify.ui.MainActivityPri"
23-->src\main\AndroidManifest.xml:14:13-47
24            android:configChanges="orientation|keyboardHidden|screenSize"
24-->src\main\AndroidManifest.xml:16:13-74
25            android:launchMode="singleTask" >
25-->src\main\AndroidManifest.xml:15:13-44
26            <intent-filter>
26-->src\main\AndroidManifest.xml:17:13-20:29
27                <action android:name="android.intent.action.MAIN" />
27-->src\main\AndroidManifest.xml:18:17-69
27-->src\main\AndroidManifest.xml:18:25-66
28
29                <category android:name="android.intent.category.LAUNCHER" />
29-->src\main\AndroidManifest.xml:19:17-77
29-->src\main\AndroidManifest.xml:19:27-74
30            </intent-filter>
31            <intent-filter>
31-->src\main\AndroidManifest.xml:21:13-26:29
32                <action android:name="android.intent.action.SEND" />
32-->src\main\AndroidManifest.xml:22:17-69
32-->src\main\AndroidManifest.xml:22:25-66
33
34                <category android:name="android.intent.category.DEFAULT" />
34-->src\main\AndroidManifest.xml:23:17-76
34-->src\main\AndroidManifest.xml:23:27-73
35
36                <data android:mimeType="image/*" />
36-->src\main\AndroidManifest.xml:24:17-52
36-->src\main\AndroidManifest.xml:24:23-49
37                <data android:mimeType="video/*" />
37-->src\main\AndroidManifest.xml:24:17-52
37-->src\main\AndroidManifest.xml:24:23-49
38            </intent-filter>
39        </activity>
40        <activity
40-->src\main\AndroidManifest.xml:28:9-32:20
41            android:name="se.joscarsson.privify.ui.PassphraseActivity"
41-->src\main\AndroidManifest.xml:29:13-50
42            android:configChanges="orientation|keyboardHidden|screenSize"
42-->src\main\AndroidManifest.xml:31:13-74
43            android:noHistory="true" >
43-->src\main\AndroidManifest.xml:30:13-37
44        </activity>
45        <activity
45-->src\main\AndroidManifest.xml:33:9-37:20
46            android:name="se.joscarsson.privify.ui.DirectoryChooserActivity"
46-->src\main\AndroidManifest.xml:34:13-56
47            android:configChanges="orientation|keyboardHidden|screenSize"
47-->src\main\AndroidManifest.xml:36:13-74
48            android:noHistory="true" >
48-->src\main\AndroidManifest.xml:35:13-37
49        </activity>
50        <activity
50-->src\main\AndroidManifest.xml:38:9-41:20
51            android:name="se.joscarsson.privify.ui.SettingsActivity"
51-->src\main\AndroidManifest.xml:39:13-48
52            android:configChanges="orientation|keyboardHidden|screenSize" >
52-->src\main\AndroidManifest.xml:40:13-74
53        </activity>
54
55        <provider
55-->src\main\AndroidManifest.xml:42:9-51:20
56            android:name="se.joscarsson.privify.GenericFileProvider"
56-->src\main\AndroidManifest.xml:43:13-48
57            android:authorities="se.joscarsson.privify.provider.dollar_openBracket_applicationId_closeBracket"
57-->src\main\AndroidManifest.xml:44:13-82
58            android:exported="false"
58-->src\main\AndroidManifest.xml:45:13-37
59            android:grantUriPermissions="true" >
59-->src\main\AndroidManifest.xml:46:13-47
60            <meta-data
60-->src\main\AndroidManifest.xml:47:13-50:15
61                android:name="android.support.FILE_PROVIDER_PATHS"
61-->src\main\AndroidManifest.xml:48:17-67
62                android:resource="@xml/provider_paths" />
62-->src\main\AndroidManifest.xml:49:17-55
63        </provider>
64    </application>
65
66</manifest>